<?xml version="1.0" encoding="UTF-8"?>
<testsuite xmlns:xsi="http://www.w3.org/2001/XMLSchema-instance" xsi:noNamespaceSchemaLocation="https://maven.apache.org/surefire/maven-surefire-plugin/xsd/surefire-test-report.xsd" version="3.0.2" name="com.github.reposcore.controller.RepositoryControllerTest" time="0.917" tests="6" errors="0" skipped="0" failures="0">
  <properties>
[...]
</properties>
  <testcase name="search_validRequest_returns200(String, MockHttpServletRequestBuilder, List, List)[1]" classname="com.github.reposcore.controller.RepositoryControllerTest" time="0.057">
    <system-out><![CDATA[14:24:49.103 [main] INFO org.springframework.test.context.support.AnnotationConfigContextLoaderUtils -- Could not detect default configuration classes for test class [com.github.reposcore.controller.RepositoryControllerTest]: RepositoryControllerTest does not declare any static, non-private, non-final, nested classes annotated with @Configuration.
14:24:49.148 [main] INFO org.springframework.boot.test.context.SpringBootTestContextBootstrapper -- Found @SpringBootConfiguration com.github.reposcore.RepoScoreApplication for test class com.github.reposcore.controller.RepositoryControllerTest

  .   ____          _            __ _ _
 /\\ / ___'_ __ _ _(_)_ __  __ _ \ \ \ \
( ( )\___ | '_ | '_| | '_ \/ _` | \ \ \ \
 \\/  ___)| |_)| | | | | || (_| |  ) ) ) )
  '  |____| .__|_| |_|_| |_\__, | / / / /
 =========|_|==============|___/=/_/_/_/

 :: Spring Boot ::                (v3.5.0)

2026-06-19T14:24:49.300+02:00  INFO 5481 --- [github-repo-scorer] [           main] c.g.r.c.RepositoryControllerTest         : Starting RepositoryControllerTest using Java 26.0.1 with PID 5481 (started by sahishnubollam in /Users/sahishnubollam/Redcare)
2026-06-19T14:24:49.300+02:00  INFO 5481 --- [github-repo-scorer] [           main] c.g.r.c.RepositoryControllerTest         : No active profile set, falling back to 1 default profile: "default"
2026-06-19T14:24:49.887+02:00  INFO 5481 --- [github-repo-scorer] [           main] o.s.b.t.m.w.SpringBootMockServletContext : Initializing Spring TestDispatcherServlet ''
2026-06-19T14:24:49.887+02:00  INFO 5481 --- [github-repo-scorer] [           main] o.s.t.web.servlet.TestDispatcherServlet  : Initializing Servlet ''
2026-06-19T14:24:49.888+02:00  INFO 5481 --- [github-repo-scorer] [           main] o.s.t.web.servlet.TestDispatcherServlet  : Completed initialization in 1 ms
2026-06-19T14:24:49.898+02:00  INFO 5481 --- [github-repo-scorer] [           main] c.g.r.c.RepositoryControllerTest         : Started RepositoryControllerTest in 0.711 seconds (process running for 1.034)
2026-06-19T14:24:49.928+02:00  INFO 5481 --- [github-repo-scorer] [           main] c.g.r.controller.RepositoryController    : Received search request [language=Java, createdAfter=null]
2026-06-19T14:24:49.930+02:00  INFO 5481 --- [github-repo-scorer] [           main] c.g.r.controller.RepositoryController    : Search completed [language=Java, createdAfter=null] - returned 1 results
]]></system-out>
  </testcase>
  <testcase name="search_validRequest_returns200(String, MockHttpServletRequestBuilder, List, List)[2]" classname="com.github.reposcore.controller.RepositoryControllerTest" time="0.004">
    <system-out><![CDATA[2026-06-19T14:24:49.962+02:00  INFO 5481 --- [github-repo-scorer] [           main] c.g.r.controller.RepositoryController    : Received search request [language=null, createdAfter=2020-01-01]
2026-06-19T14:24:49.962+02:00  INFO 5481 --- [github-repo-scorer] [           main] c.g.r.controller.RepositoryController    : Search completed [language=null, createdAfter=2020-01-01] - returned 1 results
]]></system-out>
  </testcase>
  <testcase name="search_validRequest_returns200(String, MockHttpServletRequestBuilder, List, List)[3]" classname="com.github.reposcore.controller.RepositoryControllerTest" time="0.002">
    <system-out><![CDATA[2026-06-19T14:24:49.965+02:00  INFO 5481 --- [github-repo-scorer] [           main] c.g.r.controller.RepositoryController    : Received search request [language=Java, createdAfter=2020-01-01]
2026-06-19T14:24:49.965+02:00  INFO 5481 --- [github-repo-scorer] [           main] c.g.r.controller.RepositoryController    : Search completed [language=Java, createdAfter=2020-01-01] - returned 1 results
]]></system-out>
  </testcase>
  <testcase name="search_validRequest_returns200(String, MockHttpServletRequestBuilder, List, List)[4]" classname="com.github.reposcore.controller.RepositoryControllerTest" time="0.003">
    <system-out><![CDATA[2026-06-19T14:24:49.968+02:00  INFO 5481 --- [github-repo-scorer] [           main] c.g.r.controller.RepositoryController    : Received search request [language=COBOL, createdAfter=null]
2026-06-19T14:24:49.968+02:00  INFO 5481 --- [github-repo-scorer] [           main] c.g.r.controller.RepositoryController    : Search completed [language=COBOL, createdAfter=null] - returned 0 results
]]></system-out>
  </testcase>
  <testcase name="search_noParams_returns400" classname="com.github.reposcore.controller.RepositoryControllerTest" time="0.004">
    <system-out><![CDATA[2026-06-19T14:24:49.971+02:00  INFO 5481 --- [github-repo-scorer] [           main] c.g.r.controller.RepositoryController    : Received search request [language=null, createdAfter=null]
2026-06-19T14:24:49.971+02:00  WARN 5481 --- [github-repo-scorer] [           main] c.g.r.controller.RepositoryController    : Search rejected: at least one of 'language' or 'createdAfter' must be provided
2026-06-19T14:24:49.972+02:00  WARN 5481 --- [github-repo-scorer] [           main] c.g.r.exception.GlobalExceptionHandler   : Invalid request: At least one of 'language' or 'createdAfter' must be provided
]]></system-out>
  </testcase>
  <testcase name="search_githubApiError_returnsBadGateway" classname="com.github.reposcore.controller.RepositoryControllerTest" time="0.002">
    <system-out><![CDATA[2026-06-19T14:24:49.976+02:00  INFO 5481 --- [github-repo-scorer] [           main] c.g.r.controller.RepositoryController    : Received search request [language=Java, createdAfter=null]
2026-06-19T14:24:49.976+02:00 ERROR 5481 --- [github-repo-scorer] [           main] c.g.r.exception.GlobalExceptionHandler   : GitHub API error [status=502]: GitHub server error
]]></system-out>
  </testcase>
</testsuite>